Using pre-set license
Built from '2020.3/staging' branch; Version is '2020.3.16f1 (049d6eca3c44) revision 302446'; Using compiler version '192528614'; Build Type 'Release'
OS: 'Windows 10 Home; OS build 19044.1586; Version 2009; 64bit' Language: 'en' Physical Memory: 16158 MB
BatchMode: 1, IsHumanControllingUs: 0, StartBugReporterOnCrash: 0, Is64bit: 1, IsPro: 0

 COMMAND LINE ARGUMENTS:
C:\Users\beatt\Desktop\Unity\2020.3.16f1\Editor\Unity.exe
-adb2
-batchMode
-noUpm
-name
AssetImportWorker0
-projectPath
C:/Users/beatt/Desktop/School/Contemporary/ColdTurkey/ColdTurkey/ColdTurkey
-logFile
Logs/AssetImportWorker0.log
-srvPort
54078
Successfully changed project path to: C:/Users/beatt/Desktop/School/Contemporary/ColdTurkey/ColdTurkey/ColdTurkey
C:/Users/beatt/Desktop/School/Contemporary/ColdTurkey/ColdTurkey/ColdTurkey
Using Asset Import Pipeline V2.
Refreshing native plugins compatible for Editor in 41.09 ms, found 3 plugins.
Preloading 0 native plugins for Editor in 0.00 ms.
Initialize engine version: 2020.3.16f1 (049d6eca3c44)
[Subsystems] Discovering subsystems at path C:/Users/beatt/Desktop/Unity/2020.3.16f1/Editor/Data/Resources/UnitySubsystems
[Subsystems] Discovering subsystems at path C:/Users/beatt/Desktop/School/Contemporary/ColdTurkey/ColdTurkey/ColdTurkey/Assets
GfxDevice: creating device client; threaded=0
Direct3D:
    Version:  Direct3D 11.0 [level 11.1]
    Renderer: NVIDIA GeForce RTX 3060 Laptop GPU (ID=0x2520)
    Vendor:   
    VRAM:     6023 MB
    Driver:   30.0.15.1215
Initialize mono
Mono path[0] = 'C:/Users/beatt/Desktop/Unity/2020.3.16f1/Editor/Data/Managed'
Mono path[1] = 'C:/Users/beatt/Desktop/Unity/2020.3.16f1/Editor/Data/MonoBleedingEdge/lib/mono/unityjit'
Mono config path = 'C:/Users/beatt/Desktop/Unity/2020.3.16f1/Editor/Data/MonoBleedingEdge/etc'
Using monoOptions --debugger-agent=transport=dt_socket,embedding=1,server=y,suspend=n,address=127.0.0.1:56888
Begin MonoManager ReloadAssembly
Registering precompiled unity dll's ...
Register platform support module: C:/Users/beatt/Desktop/Unity/2020.3.16f1/Editor/Data/PlaybackEngines/WindowsStandaloneSupport/UnityEditor.WindowsStandalone.Extensions.dll
Registered in 0.002225 seconds.
Native extension for WindowsStandalone target not found
Refreshing native plugins compatible for Editor in 35.22 ms, found 3 plugins.
Preloading 0 native plugins for Editor in 0.00 ms.
Mono: successfully reloaded assembly
- Completed reload, in  2.094 seconds
Domain Reload Profiling:
	ReloadAssembly (2094ms)
		BeginReloadAssembly (52ms)
			ExecutionOrderSort (0ms)
			DisableScriptedObjects (0ms)
			BackupInstance (0ms)
			ReleaseScriptingObjects (0ms)
			CreateAndSetChildDomain (1ms)
		EndReloadAssembly (396ms)
			LoadAssemblies (49ms)
			RebuildTransferFunctionScriptingTraits (0ms)
			SetupTypeCache (133ms)
			ReleaseScriptCaches (0ms)
			RebuildScriptCaches (29ms)
			SetupLoadedEditorAssemblies (166ms)
				LogAssemblyErrors (0ms)
				InitializePlatformSupportModulesInManaged (4ms)
				SetLoadedEditorAssemblies (0ms)
				RefreshPlugins (35ms)
				BeforeProcessingInitializeOnLoad (16ms)
				ProcessInitializeOnLoadAttributes (80ms)
				ProcessInitializeOnLoadMethodAttributes (31ms)
				AfterProcessingInitializeOnLoad (0ms)
				EditorAssembliesLoaded (0ms)
			ExecutionOrderSort2 (0ms)
			AwakeInstancesAfterBackupRestoration (0ms)
Platform modules already initialized, skipping
Registering precompiled user dll's ...
Registered in 0.006437 seconds.
Begin MonoManager ReloadAssembly
Native extension for WindowsStandalone target not found
Refreshing native plugins compatible for Editor in 37.38 ms, found 3 plugins.
Preloading 0 native plugins for Editor in 0.00 ms.
Mono: successfully reloaded assembly
- Completed reload, in  1.305 seconds
Domain Reload Profiling:
	ReloadAssembly (1306ms)
		BeginReloadAssembly (153ms)
			ExecutionOrderSort (0ms)
			DisableScriptedObjects (5ms)
			BackupInstance (0ms)
			ReleaseScriptingObjects (0ms)
			CreateAndSetChildDomain (18ms)
		EndReloadAssembly (1086ms)
			LoadAssemblies (105ms)
			RebuildTransferFunctionScriptingTraits (0ms)
			SetupTypeCache (326ms)
			ReleaseScriptCaches (1ms)
			RebuildScriptCaches (59ms)
			SetupLoadedEditorAssemblies (462ms)
				LogAssemblyErrors (0ms)
				InitializePlatformSupportModulesInManaged (4ms)
				SetLoadedEditorAssemblies (0ms)
				RefreshPlugins (37ms)
				BeforeProcessingInitializeOnLoad (99ms)
				ProcessInitializeOnLoadAttributes (299ms)
				ProcessInitializeOnLoadMethodAttributes (13ms)
				AfterProcessingInitializeOnLoad (8ms)
				EditorAssembliesLoaded (0ms)
			ExecutionOrderSort2 (0ms)
			AwakeInstancesAfterBackupRestoration (6ms)
Platform modules already initialized, skipping
========================================================================
Worker process is ready to serve import requests
Launched and connected shader compiler UnityShaderCompiler.exe after 0.05 seconds
Refreshing native plugins compatible for Editor in 0.73 ms, found 3 plugins.
Preloading 0 native plugins for Editor in 0.00 ms.
Unloading 2117 Unused Serialized files (Serialized files now loaded: 0)
System memory in use before: 96.2 MB.
System memory in use after: 96.3 MB.

Unloading 28 unused Assets to reduce memory usage. Loaded Objects now: 2554.
Total: 3.684800 ms (FindLiveObjects: 0.306500 ms CreateObjectMapping: 0.156900 ms MarkObjects: 3.135200 ms  DeleteObjects: 0.084800 ms)

AssetImportParameters requested are different than current active one (requested -> active):
  custom:framework-win-MediaFoundation: 216162199b28c13a410421893ffa2e32 -> 
  custom:video-decoder-ogg-theora: a1e56fd34408186e4bbccfd4996cb3dc -> 
  custom:container-muxer-webm: aa71ff27fc2769a1b78a27578f13a17b -> 
  custom:container-demuxer-webm: 4f35f7cbe854078d1ac9338744f61a02 -> 
  custom:container-demuxer-ogg: 62fdf1f143b41e24485cea50d1cbac27 -> 
  custom:video-encoder-webm-vp8: eb34c28f22e8b96e1ab97ce403110664 -> 
  custom:video-codec-MediaFoundation-h265: 746d11721c4dcdbdad8f713fa42b33f4 -> 
  custom:video-decoder-webm-vp8: 9c59270c3fd7afecdb556c50c9e8de78 -> 
  custom:audio-decoder-ogg-vorbis: bf7c407c2cedff20999df2af8eb42d56 -> 
  custom:audio-encoder-webm-vorbis: bf7c407c2cedff20999df2af8eb42d56 -> 
========================================================================
Received Import Request.
  path: Assets/Scripts/EndMenu.cs
  artifactKey: Guid(501fc6ec6ffc6cb43a9572fb75af0074) Importer(815301076,1909f56bfc062723c751e8b465ee728b)
Start importing Assets/Scripts/EndMenu.cs using Guid(501fc6ec6ffc6cb43a9572fb75af0074) Importer(815301076,1909f56bfc062723c751e8b465ee728b)  -> (artifact id: '3755670ac7e57806885a6371810b28f3') in 0.028787 seconds 
  Import took 0.032294 seconds .

========================================================================
Received Import Request.
  Time since last request: 17.530001 seconds.
  path: Assets/Scripts/FollowPlayerY.cs
  artifactKey: Guid(c11327fe7374ef94c9c6103221bd11b6) Importer(815301076,1909f56bfc062723c751e8b465ee728b)
Start importing Assets/Scripts/FollowPlayerY.cs using Guid(c11327fe7374ef94c9c6103221bd11b6) Importer(815301076,1909f56bfc062723c751e8b465ee728b)  -> (artifact id: '51541e3b654e262f7c68dd9346d51c64') in 0.002910 seconds 
  Import took 0.005714 seconds .

========================================================================
Received Import Request.
  Time since last request: 10.920665 seconds.
  path: Assets/Scripts/GameManager.cs
  artifactKey: Guid(f038b05ee4d11d94590c559ebcb92268) Importer(815301076,1909f56bfc062723c751e8b465ee728b)
Start importing Assets/Scripts/GameManager.cs using Guid(f038b05ee4d11d94590c559ebcb92268) Importer(815301076,1909f56bfc062723c751e8b465ee728b)  -> (artifact id: 'cd3f76686e31468e561abe29ddcdb1d7') in 0.003525 seconds 
  Import took 0.006982 seconds .

========================================================================
Received Import Request.
  Time since last request: 0.004939 seconds.
  path: Assets/Scripts/GameManager.cs
  artifactKey: Guid(f038b05ee4d11d94590c559ebcb92268) Importer(815301076,1909f56bfc062723c751e8b465ee728b)
Start importing Assets/Scripts/GameManager.cs using Guid(f038b05ee4d11d94590c559ebcb92268) Importer(815301076,1909f56bfc062723c751e8b465ee728b)  -> (artifact id: 'cd3f76686e31468e561abe29ddcdb1d7') in 0.002301 seconds 
  Import took 0.005542 seconds .

========================================================================
Received Import Request.
  Time since last request: 6.619865 seconds.
  path: Assets/Scripts/HealthTransformFollowPlayer.cs
  artifactKey: Guid(6ca5893d510c3844a9488d2681042781) Importer(815301076,1909f56bfc062723c751e8b465ee728b)
Start importing Assets/Scripts/HealthTransformFollowPlayer.cs using Guid(6ca5893d510c3844a9488d2681042781) Importer(815301076,1909f56bfc062723c751e8b465ee728b)  -> (artifact id: 'b199106b4c73631ac740eb3fa5eaa1f5') in 0.002800 seconds 
  Import took 0.005305 seconds .

========================================================================
Received Prepare
Registering precompiled user dll's ...
Registered in 0.006611 seconds.
Begin MonoManager ReloadAssembly
Native extension for WindowsStandalone target not found
Refreshing native plugins compatible for Editor in 0.45 ms, found 3 plugins.
Preloading 0 native plugins for Editor in 0.00 ms.
Mono: successfully reloaded assembly
- Completed reload, in  1.002 seconds
Domain Reload Profiling:
	ReloadAssembly (1003ms)
		BeginReloadAssembly (116ms)
			ExecutionOrderSort (0ms)
			DisableScriptedObjects (6ms)
			BackupInstance (0ms)
			ReleaseScriptingObjects (0ms)
			CreateAndSetChildDomain (38ms)
		EndReloadAssembly (831ms)
			LoadAssemblies (87ms)
			RebuildTransferFunctionScriptingTraits (0ms)
			SetupTypeCache (243ms)
			ReleaseScriptCaches (1ms)
			RebuildScriptCaches (41ms)
			SetupLoadedEditorAssemblies (358ms)
				LogAssemblyErrors (0ms)
				InitializePlatformSupportModulesInManaged (5ms)
				SetLoadedEditorAssemblies (0ms)
				RefreshPlugins (1ms)
				BeforeProcessingInitializeOnLoad (88ms)
				ProcessInitializeOnLoadAttributes (251ms)
				ProcessInitializeOnLoadMethodAttributes (5ms)
				AfterProcessingInitializeOnLoad (8ms)
				EditorAssembliesLoaded (0ms)
			ExecutionOrderSort2 (0ms)
			AwakeInstancesAfterBackupRestoration (10ms)
Platform modules already initialized, skipping
Refreshing native plugins compatible for Editor in 0.42 ms, found 3 plugins.
Preloading 0 native plugins for Editor in 0.00 ms.
Unloading 2093 Unused Serialized files (Serialized files now loaded: 0)
System memory in use before: 94.4 MB.
System memory in use after: 94.5 MB.

Unloading 17 unused Assets to reduce memory usage. Loaded Objects now: 2556.
Total: 2.745800 ms (FindLiveObjects: 0.176800 ms CreateObjectMapping: 0.064800 ms MarkObjects: 2.488300 ms  DeleteObjects: 0.015400 ms)

AssetImportParameters requested are different than current active one (requested -> active):
  custom:framework-win-MediaFoundation: 216162199b28c13a410421893ffa2e32 -> 
  custom:video-decoder-ogg-theora: a1e56fd34408186e4bbccfd4996cb3dc -> 
  custom:container-muxer-webm: aa71ff27fc2769a1b78a27578f13a17b -> 
  custom:container-demuxer-webm: 4f35f7cbe854078d1ac9338744f61a02 -> 
  custom:container-demuxer-ogg: 62fdf1f143b41e24485cea50d1cbac27 -> 
  custom:video-encoder-webm-vp8: eb34c28f22e8b96e1ab97ce403110664 -> 
  custom:video-codec-MediaFoundation-h265: 746d11721c4dcdbdad8f713fa42b33f4 -> 
  custom:video-decoder-webm-vp8: 9c59270c3fd7afecdb556c50c9e8de78 -> 
  custom:audio-decoder-ogg-vorbis: bf7c407c2cedff20999df2af8eb42d56 -> 
  custom:audio-encoder-webm-vorbis: bf7c407c2cedff20999df2af8eb42d56 -> 
========================================================================
Received Import Request.
  Time since last request: 33.885097 seconds.
  path: Assets/Scripts/WinTrigger.cs
  artifactKey: Guid(4ed6faaa4acf2ae47a04d38c094dfe85) Importer(815301076,1909f56bfc062723c751e8b465ee728b)
Start importing Assets/Scripts/WinTrigger.cs using Guid(4ed6faaa4acf2ae47a04d38c094dfe85) Importer(815301076,1909f56bfc062723c751e8b465ee728b)  -> (artifact id: '9c4de5f3632798044c58f5e8f7a6b972') in 0.004823 seconds 
  Import took 0.007223 seconds .

========================================================================
Received Import Request.
  Time since last request: 39.545679 seconds.
  path: Assets/Scripts/ObstacleGarbageCollector.cs
  artifactKey: Guid(8d3b96cdede552d44916fb1a07bc41ee) Importer(815301076,1909f56bfc062723c751e8b465ee728b)
Start importing Assets/Scripts/ObstacleGarbageCollector.cs using Guid(8d3b96cdede552d44916fb1a07bc41ee) Importer(815301076,1909f56bfc062723c751e8b465ee728b)  -> (artifact id: '6423767142a9531a9b0a5734ee951756') in 0.008778 seconds 
  Import took 0.012846 seconds .

========================================================================
Received Import Request.
  Time since last request: 1.607092 seconds.
  path: Assets/Scripts/PauseMenu.cs
  artifactKey: Guid(522f5e7ff99c92f4c9ea4b00e149c7ca) Importer(815301076,1909f56bfc062723c751e8b465ee728b)
Start importing Assets/Scripts/PauseMenu.cs using Guid(522f5e7ff99c92f4c9ea4b00e149c7ca) Importer(815301076,1909f56bfc062723c751e8b465ee728b)  -> (artifact id: '2a08000749f6fa6a2337b48da62489c6') in 0.002869 seconds 
  Import took 0.005836 seconds .

========================================================================
Received Import Request.
  Time since last request: 0.027347 seconds.
  path: Assets/Scripts/PauseMenu.cs
  artifactKey: Guid(522f5e7ff99c92f4c9ea4b00e149c7ca) Importer(815301076,1909f56bfc062723c751e8b465ee728b)
Start importing Assets/Scripts/PauseMenu.cs using Guid(522f5e7ff99c92f4c9ea4b00e149c7ca) Importer(815301076,1909f56bfc062723c751e8b465ee728b)  -> (artifact id: '2a08000749f6fa6a2337b48da62489c6') in 0.003184 seconds 
  Import took 0.006393 seconds .

========================================================================
Received Import Request.
  Time since last request: 47.576490 seconds.
  path: Assets/Scripts/Platform.cs
  artifactKey: Guid(1951ae53273e80f4980ee34693e25800) Importer(815301076,1909f56bfc062723c751e8b465ee728b)
Start importing Assets/Scripts/Platform.cs using Guid(1951ae53273e80f4980ee34693e25800) Importer(815301076,1909f56bfc062723c751e8b465ee728b)  -> (artifact id: 'a3382acafc87997ec8b9ba60916445dc') in 0.003287 seconds 
  Import took 0.006062 seconds .

========================================================================
Received Import Request.
  Time since last request: 45.817648 seconds.
  path: Assets/Scripts/Pickup.cs
  artifactKey: Guid(fcafd46fa75bdd64194f1927d33b50b6) Importer(815301076,1909f56bfc062723c751e8b465ee728b)
Start importing Assets/Scripts/Pickup.cs using Guid(fcafd46fa75bdd64194f1927d33b50b6) Importer(815301076,1909f56bfc062723c751e8b465ee728b)  -> (artifact id: 'e932183719d983000a766647c84a7508') in 0.003987 seconds 
  Import took 0.006749 seconds .

========================================================================
Received Import Request.
  Time since last request: 9.201298 seconds.
  path: Assets/Scripts/MainMenu.cs
  artifactKey: Guid(83d319d5c0494414bb646a900dacf0f6) Importer(815301076,1909f56bfc062723c751e8b465ee728b)
Start importing Assets/Scripts/MainMenu.cs using Guid(83d319d5c0494414bb646a900dacf0f6) Importer(815301076,1909f56bfc062723c751e8b465ee728b)  -> (artifact id: 'b6d23f35ebed19dcdb888c23e075eace') in 0.002245 seconds 
  Import took 0.005395 seconds .

========================================================================
Received Import Request.
  Time since last request: 0.005061 seconds.
  path: Assets/Scripts/MainMenu.cs
  artifactKey: Guid(83d319d5c0494414bb646a900dacf0f6) Importer(815301076,1909f56bfc062723c751e8b465ee728b)
Start importing Assets/Scripts/MainMenu.cs using Guid(83d319d5c0494414bb646a900dacf0f6) Importer(815301076,1909f56bfc062723c751e8b465ee728b)  -> (artifact id: 'b6d23f35ebed19dcdb888c23e075eace') in 0.002550 seconds 
  Import took 0.005265 seconds .

========================================================================
Received Import Request.
  Time since last request: 11.423123 seconds.
  path: Assets/Scripts/PlayerMovement.cs
  artifactKey: Guid(ecee78f4085a3104c99d6821231f2a44) Importer(815301076,1909f56bfc062723c751e8b465ee728b)
Start importing Assets/Scripts/PlayerMovement.cs using Guid(ecee78f4085a3104c99d6821231f2a44) Importer(815301076,1909f56bfc062723c751e8b465ee728b)  -> (artifact id: '8ee8e2f9665d388f3ebb7bf8635c9168') in 0.002474 seconds 
  Import took 0.005229 seconds .

========================================================================
Received Import Request.
  Time since last request: 0.003305 seconds.
  path: Assets/Scripts/PlayerMovement.cs
  artifactKey: Guid(ecee78f4085a3104c99d6821231f2a44) Importer(815301076,1909f56bfc062723c751e8b465ee728b)
Start importing Assets/Scripts/PlayerMovement.cs using Guid(ecee78f4085a3104c99d6821231f2a44) Importer(815301076,1909f56bfc062723c751e8b465ee728b)  -> (artifact id: '8ee8e2f9665d388f3ebb7bf8635c9168') in 0.002213 seconds 
  Import took 0.004723 seconds .

========================================================================
Received Import Request.
  Time since last request: 1.776142 seconds.
  path: Assets/Scripts/SideScroll.cs
  artifactKey: Guid(1c937d844b73717489c06454db437ca1) Importer(815301076,1909f56bfc062723c751e8b465ee728b)
Start importing Assets/Scripts/SideScroll.cs using Guid(1c937d844b73717489c06454db437ca1) Importer(815301076,1909f56bfc062723c751e8b465ee728b)  -> (artifact id: 'd97b7d988e0be27eb8c5f79296468403') in 0.002882 seconds 
  Import took 0.005614 seconds .

========================================================================
Received Import Request.
  Time since last request: 35.559546 seconds.
  path: Assets/Scripts/PlayerMovement.cs
  artifactKey: Guid(ecee78f4085a3104c99d6821231f2a44) Importer(815301076,1909f56bfc062723c751e8b465ee728b)
Start importing Assets/Scripts/PlayerMovement.cs using Guid(ecee78f4085a3104c99d6821231f2a44) Importer(815301076,1909f56bfc062723c751e8b465ee728b)  -> (artifact id: 'b74bb1f19defa712f54d28256a6de4ca') in 0.002633 seconds 
  Import took 0.006288 seconds .

========================================================================
Received Import Request.
  Time since last request: 0.003057 seconds.
  path: Assets/Scripts/PlayerMovement.cs
  artifactKey: Guid(ecee78f4085a3104c99d6821231f2a44) Importer(815301076,1909f56bfc062723c751e8b465ee728b)
Start importing Assets/Scripts/PlayerMovement.cs using Guid(ecee78f4085a3104c99d6821231f2a44) Importer(815301076,1909f56bfc062723c751e8b465ee728b)  -> (artifact id: 'b74bb1f19defa712f54d28256a6de4ca') in 0.003042 seconds 
  Import took 0.007401 seconds .

========================================================================
Received Import Request.
  Time since last request: 10.140090 seconds.
  path: Assets/Scripts/Obstacle.cs
  artifactKey: Guid(733f3798a4118014b86abc6938d117a3) Importer(815301076,1909f56bfc062723c751e8b465ee728b)
Start importing Assets/Scripts/Obstacle.cs using Guid(733f3798a4118014b86abc6938d117a3) Importer(815301076,1909f56bfc062723c751e8b465ee728b)  -> (artifact id: 'fdb5cb6192d7c87b02cf537f9463448c') in 0.003524 seconds 
  Import took 0.007255 seconds .

========================================================================
Received Import Request.
  Time since last request: 0.002428 seconds.
  path: Assets/Scripts/Obstacle.cs
  artifactKey: Guid(733f3798a4118014b86abc6938d117a3) Importer(815301076,1909f56bfc062723c751e8b465ee728b)
Start importing Assets/Scripts/Obstacle.cs using Guid(733f3798a4118014b86abc6938d117a3) Importer(815301076,1909f56bfc062723c751e8b465ee728b)  -> (artifact id: 'fdb5cb6192d7c87b02cf537f9463448c') in 0.003332 seconds 
  Import took 0.009106 seconds .

========================================================================
Received Import Request.
  Time since last request: 94.459402 seconds.
  path: Assets/Scripts/GameManager.cs
  artifactKey: Guid(f038b05ee4d11d94590c559ebcb92268) Importer(815301076,1909f56bfc062723c751e8b465ee728b)
Start importing Assets/Scripts/GameManager.cs using Guid(f038b05ee4d11d94590c559ebcb92268) Importer(815301076,1909f56bfc062723c751e8b465ee728b)  -> (artifact id: 'b4bb9080f5aedb7e4f4b0b2da4239dfd') in 0.002519 seconds 
  Import took 0.006122 seconds .

========================================================================
Received Import Request.
  Time since last request: 0.002739 seconds.
  path: Assets/Scripts/GameManager.cs
  artifactKey: Guid(f038b05ee4d11d94590c559ebcb92268) Importer(815301076,1909f56bfc062723c751e8b465ee728b)
Start importing Assets/Scripts/GameManager.cs using Guid(f038b05ee4d11d94590c559ebcb92268) Importer(815301076,1909f56bfc062723c751e8b465ee728b)  -> (artifact id: 'b4bb9080f5aedb7e4f4b0b2da4239dfd') in 0.002667 seconds 
  Import took 0.006282 seconds .

========================================================================
Received Prepare
Registering precompiled user dll's ...
Registered in 0.008023 seconds.
Begin MonoManager ReloadAssembly
Native extension for WindowsStandalone target not found
Refreshing native plugins compatible for Editor in 1.00 ms, found 3 plugins.
Preloading 0 native plugins for Editor in 0.00 ms.
Mono: successfully reloaded assembly
- Completed reload, in  1.299 seconds
Domain Reload Profiling:
	ReloadAssembly (1300ms)
		BeginReloadAssembly (151ms)
			ExecutionOrderSort (0ms)
			DisableScriptedObjects (9ms)
			BackupInstance (0ms)
			ReleaseScriptingObjects (0ms)
			CreateAndSetChildDomain (52ms)
		EndReloadAssembly (1081ms)
			LoadAssemblies (111ms)
			RebuildTransferFunctionScriptingTraits (0ms)
			SetupTypeCache (337ms)
			ReleaseScriptCaches (1ms)
			RebuildScriptCaches (60ms)
			SetupLoadedEditorAssemblies (452ms)
				LogAssemblyErrors (0ms)
				InitializePlatformSupportModulesInManaged (8ms)
				SetLoadedEditorAssemblies (1ms)
				RefreshPlugins (1ms)
				BeforeProcessingInitializeOnLoad (102ms)
				ProcessInitializeOnLoadAttributes (326ms)
				ProcessInitializeOnLoadMethodAttributes (6ms)
				AfterProcessingInitializeOnLoad (8ms)
				EditorAssembliesLoaded (0ms)
			ExecutionOrderSort2 (0ms)
			AwakeInstancesAfterBackupRestoration (11ms)
Platform modules already initialized, skipping
Refreshing native plugins compatible for Editor in 0.76 ms, found 3 plugins.
Preloading 0 native plugins for Editor in 0.00 ms.
Unloading 2087 Unused Serialized files (Serialized files now loaded: 0)
System memory in use before: 94.3 MB.
System memory in use after: 94.4 MB.

Unloading 22 unused Assets to reduce memory usage. Loaded Objects now: 2553.
Total: 4.225600 ms (FindLiveObjects: 0.185500 ms CreateObjectMapping: 0.077700 ms MarkObjects: 3.932700 ms  DeleteObjects: 0.028200 ms)

AssetImportParameters requested are different than current active one (requested -> active):
  custom:framework-win-MediaFoundation: 216162199b28c13a410421893ffa2e32 -> 
  custom:video-decoder-ogg-theora: a1e56fd34408186e4bbccfd4996cb3dc -> 
  custom:container-muxer-webm: aa71ff27fc2769a1b78a27578f13a17b -> 
  custom:container-demuxer-webm: 4f35f7cbe854078d1ac9338744f61a02 -> 
  custom:container-demuxer-ogg: 62fdf1f143b41e24485cea50d1cbac27 -> 
  custom:video-encoder-webm-vp8: eb34c28f22e8b96e1ab97ce403110664 -> 
  custom:video-codec-MediaFoundation-h265: 746d11721c4dcdbdad8f713fa42b33f4 -> 
  custom:video-decoder-webm-vp8: 9c59270c3fd7afecdb556c50c9e8de78 -> 
  custom:audio-decoder-ogg-vorbis: bf7c407c2cedff20999df2af8eb42d56 -> 
  custom:audio-encoder-webm-vorbis: bf7c407c2cedff20999df2af8eb42d56 -> 
========================================================================
Received Import Request.
  Time since last request: 92.462687 seconds.
  path: Assets/Scripts/PlayerMovement.cs
  artifactKey: Guid(ecee78f4085a3104c99d6821231f2a44) Importer(815301076,1909f56bfc062723c751e8b465ee728b)
Start importing Assets/Scripts/PlayerMovement.cs using Guid(ecee78f4085a3104c99d6821231f2a44) Importer(815301076,1909f56bfc062723c751e8b465ee728b)  -> (artifact id: 'd928bcacc1a40990d060e5c596c3fbb4') in 0.005850 seconds 
  Import took 0.009152 seconds .

========================================================================
Received Import Request.
  Time since last request: 0.000497 seconds.
  path: Assets/Scripts/PlayerMovement.cs
  artifactKey: Guid(ecee78f4085a3104c99d6821231f2a44) Importer(815301076,1909f56bfc062723c751e8b465ee728b)
Start importing Assets/Scripts/PlayerMovement.cs using Guid(ecee78f4085a3104c99d6821231f2a44) Importer(815301076,1909f56bfc062723c751e8b465ee728b)  -> (artifact id: 'd928bcacc1a40990d060e5c596c3fbb4') in 0.002514 seconds 
  Import took 0.005669 seconds .

========================================================================
Received Prepare
Registering precompiled user dll's ...
Registered in 0.006850 seconds.
Begin MonoManager ReloadAssembly
Native extension for WindowsStandalone target not found
Refreshing native plugins compatible for Editor in 0.41 ms, found 3 plugins.
Preloading 0 native plugins for Editor in 0.00 ms.
Mono: successfully reloaded assembly
- Completed reload, in  1.037 seconds
Domain Reload Profiling:
	ReloadAssembly (1038ms)
		BeginReloadAssembly (110ms)
			ExecutionOrderSort (0ms)
			DisableScriptedObjects (6ms)
			BackupInstance (0ms)
			ReleaseScriptingObjects (0ms)
			CreateAndSetChildDomain (30ms)
		EndReloadAssembly (871ms)
			LoadAssemblies (87ms)
			RebuildTransferFunctionScriptingTraits (0ms)
			SetupTypeCache (238ms)
			ReleaseScriptCaches (1ms)
			RebuildScriptCaches (42ms)
			SetupLoadedEditorAssemblies (398ms)
				LogAssemblyErrors (0ms)
				InitializePlatformSupportModulesInManaged (5ms)
				SetLoadedEditorAssemblies (0ms)
				RefreshPlugins (0ms)
				BeforeProcessingInitializeOnLoad (97ms)
				ProcessInitializeOnLoadAttributes (278ms)
				ProcessInitializeOnLoadMethodAttributes (8ms)
				AfterProcessingInitializeOnLoad (10ms)
				EditorAssembliesLoaded (0ms)
			ExecutionOrderSort2 (0ms)
			AwakeInstancesAfterBackupRestoration (11ms)
Platform modules already initialized, skipping
Refreshing native plugins compatible for Editor in 0.41 ms, found 3 plugins.
Preloading 0 native plugins for Editor in 0.00 ms.
Unloading 2087 Unused Serialized files (Serialized files now loaded: 0)
System memory in use before: 94.3 MB.
System memory in use after: 94.4 MB.

Unloading 16 unused Assets to reduce memory usage. Loaded Objects now: 2556.
Total: 2.950600 ms (FindLiveObjects: 0.165300 ms CreateObjectMapping: 0.058000 ms MarkObjects: 2.670400 ms  DeleteObjects: 0.036300 ms)

AssetImportParameters requested are different than current active one (requested -> active):
  custom:framework-win-MediaFoundation: 216162199b28c13a410421893ffa2e32 -> 
  custom:video-decoder-ogg-theora: a1e56fd34408186e4bbccfd4996cb3dc -> 
  custom:container-muxer-webm: aa71ff27fc2769a1b78a27578f13a17b -> 
  custom:container-demuxer-webm: 4f35f7cbe854078d1ac9338744f61a02 -> 
  custom:container-demuxer-ogg: 62fdf1f143b41e24485cea50d1cbac27 -> 
  custom:video-encoder-webm-vp8: eb34c28f22e8b96e1ab97ce403110664 -> 
  custom:video-codec-MediaFoundation-h265: 746d11721c4dcdbdad8f713fa42b33f4 -> 
  custom:video-decoder-webm-vp8: 9c59270c3fd7afecdb556c50c9e8de78 -> 
  custom:audio-decoder-ogg-vorbis: bf7c407c2cedff20999df2af8eb42d56 -> 
  custom:audio-encoder-webm-vorbis: bf7c407c2cedff20999df2af8eb42d56 -> 
========================================================================
Received Import Request.
  Time since last request: 82.007185 seconds.
  path: Assets/Scripts/SideScroll.cs
  artifactKey: Guid(1c937d844b73717489c06454db437ca1) Importer(815301076,1909f56bfc062723c751e8b465ee728b)
Start importing Assets/Scripts/SideScroll.cs using Guid(1c937d844b73717489c06454db437ca1) Importer(815301076,1909f56bfc062723c751e8b465ee728b)  -> (artifact id: 'f6e217e209b1b8490654c7318021d058') in 0.006300 seconds 
  Import took 0.010094 seconds .

========================================================================
Received Import Request.
  Time since last request: 0.001813 seconds.
  path: Assets/Scripts/SideScroll.cs
  artifactKey: Guid(1c937d844b73717489c06454db437ca1) Importer(815301076,1909f56bfc062723c751e8b465ee728b)
Start importing Assets/Scripts/SideScroll.cs using Guid(1c937d844b73717489c06454db437ca1) Importer(815301076,1909f56bfc062723c751e8b465ee728b)  -> (artifact id: 'f6e217e209b1b8490654c7318021d058') in 0.002908 seconds 
  Import took 0.005725 seconds .

========================================================================
Received Import Request.
  Time since last request: 32.190084 seconds.
  path: Assets/Scripts/SideScroll.cs
  artifactKey: Guid(1c937d844b73717489c06454db437ca1) Importer(815301076,1909f56bfc062723c751e8b465ee728b)
Start importing Assets/Scripts/SideScroll.cs using Guid(1c937d844b73717489c06454db437ca1) Importer(815301076,1909f56bfc062723c751e8b465ee728b)  -> (artifact id: 'a4908d2f7634e345f06df4b47f171d09') in 0.002309 seconds 
  Import took 0.005544 seconds .

========================================================================
Received Import Request.
  Time since last request: 0.000840 seconds.
  path: Assets/Scripts/SideScroll.cs
  artifactKey: Guid(1c937d844b73717489c06454db437ca1) Importer(815301076,1909f56bfc062723c751e8b465ee728b)
Start importing Assets/Scripts/SideScroll.cs using Guid(1c937d844b73717489c06454db437ca1) Importer(815301076,1909f56bfc062723c751e8b465ee728b)  -> (artifact id: 'a4908d2f7634e345f06df4b47f171d09') in 0.002448 seconds 
  Import took 0.005697 seconds .

========================================================================
Received Import Request.
  Time since last request: 3.819644 seconds.
  path: Assets/Scripts/SideScroll.cs
  artifactKey: Guid(1c937d844b73717489c06454db437ca1) Importer(815301076,1909f56bfc062723c751e8b465ee728b)
Start importing Assets/Scripts/SideScroll.cs using Guid(1c937d844b73717489c06454db437ca1) Importer(815301076,1909f56bfc062723c751e8b465ee728b)  -> (artifact id: 'e163422d3d7e28ab1e43c28cc378ec4e') in 0.002499 seconds 
  Import took 0.005915 seconds .

========================================================================
Received Import Request.
  Time since last request: 0.000357 seconds.
  path: Assets/Scripts/SideScroll.cs
  artifactKey: Guid(1c937d844b73717489c06454db437ca1) Importer(815301076,1909f56bfc062723c751e8b465ee728b)
Start importing Assets/Scripts/SideScroll.cs using Guid(1c937d844b73717489c06454db437ca1) Importer(815301076,1909f56bfc062723c751e8b465ee728b)  -> (artifact id: 'e163422d3d7e28ab1e43c28cc378ec4e') in 0.002365 seconds 
  Import took 0.005813 seconds .

========================================================================
Received Import Request.
  Time since last request: 30.210756 seconds.
  path: Assets/Scripts/SideScroll.cs
  artifactKey: Guid(1c937d844b73717489c06454db437ca1) Importer(815301076,1909f56bfc062723c751e8b465ee728b)
Start importing Assets/Scripts/SideScroll.cs using Guid(1c937d844b73717489c06454db437ca1) Importer(815301076,1909f56bfc062723c751e8b465ee728b)  -> (artifact id: '0c69173690f7a64dc71c916e52d6ad95') in 0.002742 seconds 
  Import took 0.006079 seconds .

========================================================================
Received Import Request.
  Time since last request: 0.000232 seconds.
  path: Assets/Scripts/SideScroll.cs
  artifactKey: Guid(1c937d844b73717489c06454db437ca1) Importer(815301076,1909f56bfc062723c751e8b465ee728b)
Start importing Assets/Scripts/SideScroll.cs using Guid(1c937d844b73717489c06454db437ca1) Importer(815301076,1909f56bfc062723c751e8b465ee728b)  -> (artifact id: '0c69173690f7a64dc71c916e52d6ad95') in 0.003291 seconds 
  Import took 0.007188 seconds .

========================================================================
Received Import Request.
  Time since last request: 5.716783 seconds.
  path: Assets/Scripts/SideScroll.cs
  artifactKey: Guid(1c937d844b73717489c06454db437ca1) Importer(815301076,1909f56bfc062723c751e8b465ee728b)
Start importing Assets/Scripts/SideScroll.cs using Guid(1c937d844b73717489c06454db437ca1) Importer(815301076,1909f56bfc062723c751e8b465ee728b)  -> (artifact id: '60a379d6e8039b7fb71b8ba56a018ebc') in 0.002449 seconds 
  Import took 0.005418 seconds .

========================================================================
Received Import Request.
  Time since last request: 9.120918 seconds.
  path: Assets/Scripts/SideScroll.cs
  artifactKey: Guid(1c937d844b73717489c06454db437ca1) Importer(815301076,1909f56bfc062723c751e8b465ee728b)
Start importing Assets/Scripts/SideScroll.cs using Guid(1c937d844b73717489c06454db437ca1) Importer(815301076,1909f56bfc062723c751e8b465ee728b)  -> (artifact id: '3e3a35b5244b1637b6e0b42c2601faef') in 0.002984 seconds 
  Import took 0.006224 seconds .

========================================================================
Received Import Request.
  Time since last request: 11.334284 seconds.
  path: Assets/Scripts/SideScroll.cs
  artifactKey: Guid(1c937d844b73717489c06454db437ca1) Importer(815301076,1909f56bfc062723c751e8b465ee728b)
Start importing Assets/Scripts/SideScroll.cs using Guid(1c937d844b73717489c06454db437ca1) Importer(815301076,1909f56bfc062723c751e8b465ee728b)  -> (artifact id: 'f7ed6653ecd1ee28713e441eba7853db') in 0.002540 seconds 
  Import took 0.005897 seconds .

========================================================================
Received Import Request.
  Time since last request: 0.000914 seconds.
  path: Assets/Scripts/SideScroll.cs
  artifactKey: Guid(1c937d844b73717489c06454db437ca1) Importer(815301076,1909f56bfc062723c751e8b465ee728b)
Start importing Assets/Scripts/SideScroll.cs using Guid(1c937d844b73717489c06454db437ca1) Importer(815301076,1909f56bfc062723c751e8b465ee728b)  -> (artifact id: 'f7ed6653ecd1ee28713e441eba7853db') in 0.002684 seconds 
  Import took 0.005899 seconds .

========================================================================
Received Import Request.
  Time since last request: 14.476652 seconds.
  path: Assets/Scripts/SideScroll.cs
  artifactKey: Guid(1c937d844b73717489c06454db437ca1) Importer(815301076,1909f56bfc062723c751e8b465ee728b)
Start importing Assets/Scripts/SideScroll.cs using Guid(1c937d844b73717489c06454db437ca1) Importer(815301076,1909f56bfc062723c751e8b465ee728b)  -> (artifact id: '7863ffc4454ae495dfb724468ca26fc4') in 0.002516 seconds 
  Import took 0.005830 seconds .

========================================================================
Received Import Request.
  Time since last request: 0.000710 seconds.
  path: Assets/Scripts/SideScroll.cs
  artifactKey: Guid(1c937d844b73717489c06454db437ca1) Importer(815301076,1909f56bfc062723c751e8b465ee728b)
Start importing Assets/Scripts/SideScroll.cs using Guid(1c937d844b73717489c06454db437ca1) Importer(815301076,1909f56bfc062723c751e8b465ee728b)  -> (artifact id: '7863ffc4454ae495dfb724468ca26fc4') in 0.002801 seconds 
  Import took 0.006120 seconds .

========================================================================
Received Import Request.
  Time since last request: 4.534108 seconds.
  path: Assets/Scripts/SideScroll.cs
  artifactKey: Guid(1c937d844b73717489c06454db437ca1) Importer(815301076,1909f56bfc062723c751e8b465ee728b)
Start importing Assets/Scripts/SideScroll.cs using Guid(1c937d844b73717489c06454db437ca1) Importer(815301076,1909f56bfc062723c751e8b465ee728b)  -> (artifact id: '4c0f9fc883b5fd8c96a0e85ac5e30f35') in 0.002586 seconds 
  Import took 0.006096 seconds .

========================================================================
Received Import Request.
  Time since last request: 0.000566 seconds.
  path: Assets/Scripts/SideScroll.cs
  artifactKey: Guid(1c937d844b73717489c06454db437ca1) Importer(815301076,1909f56bfc062723c751e8b465ee728b)
Start importing Assets/Scripts/SideScroll.cs using Guid(1c937d844b73717489c06454db437ca1) Importer(815301076,1909f56bfc062723c751e8b465ee728b)  -> (artifact id: '4c0f9fc883b5fd8c96a0e85ac5e30f35') in 0.002546 seconds 
  Import took 0.005940 seconds .

========================================================================
Received Import Request.
  Time since last request: 2.727674 seconds.
  path: Assets/Scripts/SideScroll.cs
  artifactKey: Guid(1c937d844b73717489c06454db437ca1) Importer(815301076,1909f56bfc062723c751e8b465ee728b)
Start importing Assets/Scripts/SideScroll.cs using Guid(1c937d844b73717489c06454db437ca1) Importer(815301076,1909f56bfc062723c751e8b465ee728b)  -> (artifact id: '35d33b83f72f249f81c8fb85c734ae1b') in 0.002596 seconds 
  Import took 0.006200 seconds .

========================================================================
Received Import Request.
  Time since last request: 0.000522 seconds.
  path: Assets/Scripts/SideScroll.cs
  artifactKey: Guid(1c937d844b73717489c06454db437ca1) Importer(815301076,1909f56bfc062723c751e8b465ee728b)
Start importing Assets/Scripts/SideScroll.cs using Guid(1c937d844b73717489c06454db437ca1) Importer(815301076,1909f56bfc062723c751e8b465ee728b)  -> (artifact id: '35d33b83f72f249f81c8fb85c734ae1b') in 0.002360 seconds 
  Import took 0.006026 seconds .

========================================================================
Received Import Request.
  Time since last request: 2.746193 seconds.
  path: Assets/Scripts/SideScroll.cs
  artifactKey: Guid(1c937d844b73717489c06454db437ca1) Importer(815301076,1909f56bfc062723c751e8b465ee728b)
Start importing Assets/Scripts/SideScroll.cs using Guid(1c937d844b73717489c06454db437ca1) Importer(815301076,1909f56bfc062723c751e8b465ee728b)  -> (artifact id: 'ad53d90839a42b7cc5efb3a36f72d4c3') in 0.002314 seconds 
  Import took 0.005090 seconds .

========================================================================
Received Import Request.
  Time since last request: 0.000793 seconds.
  path: Assets/Scripts/SideScroll.cs
  artifactKey: Guid(1c937d844b73717489c06454db437ca1) Importer(815301076,1909f56bfc062723c751e8b465ee728b)
Start importing Assets/Scripts/SideScroll.cs using Guid(1c937d844b73717489c06454db437ca1) Importer(815301076,1909f56bfc062723c751e8b465ee728b)  -> (artifact id: 'ad53d90839a42b7cc5efb3a36f72d4c3') in 0.002860 seconds 
  Import took 0.005790 seconds .

========================================================================
Received Import Request.
  Time since last request: 17.467411 seconds.
  path: Assets/Scripts/SideScroll.cs
  artifactKey: Guid(1c937d844b73717489c06454db437ca1) Importer(815301076,1909f56bfc062723c751e8b465ee728b)
Start importing Assets/Scripts/SideScroll.cs using Guid(1c937d844b73717489c06454db437ca1) Importer(815301076,1909f56bfc062723c751e8b465ee728b)  -> (artifact id: '76add0395fdf68aaf7199efba4a1ae9c') in 0.002644 seconds 
  Import took 0.005895 seconds .

========================================================================
Received Import Request.
  Time since last request: 0.000831 seconds.
  path: Assets/Scripts/SideScroll.cs
  artifactKey: Guid(1c937d844b73717489c06454db437ca1) Importer(815301076,1909f56bfc062723c751e8b465ee728b)
Start importing Assets/Scripts/SideScroll.cs using Guid(1c937d844b73717489c06454db437ca1) Importer(815301076,1909f56bfc062723c751e8b465ee728b)  -> (artifact id: '76add0395fdf68aaf7199efba4a1ae9c') in 0.002523 seconds 
  Import took 0.005876 seconds .

========================================================================
Received Prepare
Registering precompiled user dll's ...
Registered in 0.006571 seconds.
Begin MonoManager ReloadAssembly
Native extension for WindowsStandalone target not found
Refreshing native plugins compatible for Editor in 0.46 ms, found 3 plugins.
Preloading 0 native plugins for Editor in 0.00 ms.
Mono: successfully reloaded assembly
- Completed reload, in  1.181 seconds
Domain Reload Profiling:
	ReloadAssembly (1182ms)
		BeginReloadAssembly (128ms)
			ExecutionOrderSort (0ms)
			DisableScriptedObjects (8ms)
			BackupInstance (0ms)
			ReleaseScriptingObjects (0ms)
			CreateAndSetChildDomain (43ms)
		EndReloadAssembly (998ms)
			LoadAssemblies (98ms)
			RebuildTransferFunctionScriptingTraits (0ms)
			SetupTypeCache (263ms)
			ReleaseScriptCaches (3ms)
			RebuildScriptCaches (74ms)
			SetupLoadedEditorAssemblies (403ms)
				LogAssemblyErrors (0ms)
				InitializePlatformSupportModulesInManaged (6ms)
				SetLoadedEditorAssemblies (0ms)
				RefreshPlugins (1ms)
				BeforeProcessingInitializeOnLoad (100ms)
				ProcessInitializeOnLoadAttributes (284ms)
				ProcessInitializeOnLoadMethodAttributes (5ms)
				AfterProcessingInitializeOnLoad (8ms)
				EditorAssembliesLoaded (0ms)
			ExecutionOrderSort2 (0ms)
			AwakeInstancesAfterBackupRestoration (13ms)
Platform modules already initialized, skipping
Refreshing native plugins compatible for Editor in 0.53 ms, found 3 plugins.
Preloading 0 native plugins for Editor in 0.00 ms.
Unloading 2087 Unused Serialized files (Serialized files now loaded: 0)
System memory in use before: 94.3 MB.
System memory in use after: 94.4 MB.

Unloading 16 unused Assets to reduce memory usage. Loaded Objects now: 2559.
Total: 3.287400 ms (FindLiveObjects: 0.174500 ms CreateObjectMapping: 0.068000 ms MarkObjects: 3.028500 ms  DeleteObjects: 0.015500 ms)

AssetImportParameters requested are different than current active one (requested -> active):
  custom:framework-win-MediaFoundation: 216162199b28c13a410421893ffa2e32 -> 
  custom:video-decoder-ogg-theora: a1e56fd34408186e4bbccfd4996cb3dc -> 
  custom:container-muxer-webm: aa71ff27fc2769a1b78a27578f13a17b -> 
  custom:container-demuxer-webm: 4f35f7cbe854078d1ac9338744f61a02 -> 
  custom:container-demuxer-ogg: 62fdf1f143b41e24485cea50d1cbac27 -> 
  custom:video-encoder-webm-vp8: eb34c28f22e8b96e1ab97ce403110664 -> 
  custom:video-codec-MediaFoundation-h265: 746d11721c4dcdbdad8f713fa42b33f4 -> 
  custom:video-decoder-webm-vp8: 9c59270c3fd7afecdb556c50c9e8de78 -> 
  custom:audio-decoder-ogg-vorbis: bf7c407c2cedff20999df2af8eb42d56 -> 
  custom:audio-encoder-webm-vorbis: bf7c407c2cedff20999df2af8eb42d56 -> 
========================================================================
Received Import Request.
  Time since last request: 460.321507 seconds.
  path: Assets/Scripts/PlayerMovement.cs
  artifactKey: Guid(ecee78f4085a3104c99d6821231f2a44) Importer(815301076,1909f56bfc062723c751e8b465ee728b)
Start importing Assets/Scripts/PlayerMovement.cs using Guid(ecee78f4085a3104c99d6821231f2a44) Importer(815301076,1909f56bfc062723c751e8b465ee728b)  -> (artifact id: 'a07e48f241bd1df5fd341676ee81f812') in 0.005775 seconds 
  Import took 0.010283 seconds .

========================================================================
Received Import Request.
  Time since last request: 0.001476 seconds.
  path: Assets/Scripts/PlayerMovement.cs
  artifactKey: Guid(ecee78f4085a3104c99d6821231f2a44) Importer(815301076,1909f56bfc062723c751e8b465ee728b)
Start importing Assets/Scripts/PlayerMovement.cs using Guid(ecee78f4085a3104c99d6821231f2a44) Importer(815301076,1909f56bfc062723c751e8b465ee728b)  -> (artifact id: 'a07e48f241bd1df5fd341676ee81f812') in 0.002477 seconds 
  Import took 0.005095 seconds .

========================================================================
Received Import Request.
  Time since last request: 14.382027 seconds.
  path: Assets/Scripts/Pickup.cs
  artifactKey: Guid(fcafd46fa75bdd64194f1927d33b50b6) Importer(815301076,1909f56bfc062723c751e8b465ee728b)
Start importing Assets/Scripts/Pickup.cs using Guid(fcafd46fa75bdd64194f1927d33b50b6) Importer(815301076,1909f56bfc062723c751e8b465ee728b)  -> (artifact id: '7a741288f8a5a3825ba43447e4b77787') in 0.002308 seconds 
  Import took 0.005623 seconds .

========================================================================
Received Import Request.
  Time since last request: 13.721851 seconds.
  path: Assets/Scripts/Pickup.cs
  artifactKey: Guid(fcafd46fa75bdd64194f1927d33b50b6) Importer(815301076,1909f56bfc062723c751e8b465ee728b)
Start importing Assets/Scripts/Pickup.cs using Guid(fcafd46fa75bdd64194f1927d33b50b6) Importer(815301076,1909f56bfc062723c751e8b465ee728b)  -> (artifact id: '517355b940bd26f39ac7a6876fceaed0') in 0.002812 seconds 
  Import took 0.006085 seconds .

========================================================================
Received Import Request.
  Time since last request: 0.002812 seconds.
  path: Assets/Scripts/Pickup.cs
  artifactKey: Guid(fcafd46fa75bdd64194f1927d33b50b6) Importer(815301076,1909f56bfc062723c751e8b465ee728b)
Start importing Assets/Scripts/Pickup.cs using Guid(fcafd46fa75bdd64194f1927d33b50b6) Importer(815301076,1909f56bfc062723c751e8b465ee728b)  -> (artifact id: '517355b940bd26f39ac7a6876fceaed0') in 0.002450 seconds 
  Import took 0.005916 seconds .

========================================================================
Received Import Request.
  Time since last request: 13.807218 seconds.
  path: Assets/Scripts/Pickup.cs
  artifactKey: Guid(fcafd46fa75bdd64194f1927d33b50b6) Importer(815301076,1909f56bfc062723c751e8b465ee728b)
Start importing Assets/Scripts/Pickup.cs using Guid(fcafd46fa75bdd64194f1927d33b50b6) Importer(815301076,1909f56bfc062723c751e8b465ee728b)  -> (artifact id: '39e3eaaceba0ce11fe983c9583a5d582') in 0.002484 seconds 
  Import took 0.006218 seconds .

========================================================================
Received Import Request.
  Time since last request: 16.408085 seconds.
  path: Assets/Scripts/Pickup.cs
  artifactKey: Guid(fcafd46fa75bdd64194f1927d33b50b6) Importer(815301076,1909f56bfc062723c751e8b465ee728b)
Start importing Assets/Scripts/Pickup.cs using Guid(fcafd46fa75bdd64194f1927d33b50b6) Importer(815301076,1909f56bfc062723c751e8b465ee728b)  -> (artifact id: '6a380371ba01e9c994253037e15b3c0e') in 0.002500 seconds 
  Import took 0.005640 seconds .

========================================================================
Received Prepare
Registering precompiled user dll's ...
Registered in 0.006631 seconds.
Begin MonoManager ReloadAssembly
Native extension for WindowsStandalone target not found
Refreshing native plugins compatible for Editor in 0.58 ms, found 3 plugins.
Preloading 0 native plugins for Editor in 0.00 ms.
Mono: successfully reloaded assembly
- Completed reload, in  1.186 seconds
Domain Reload Profiling:
	ReloadAssembly (1187ms)
		BeginReloadAssembly (137ms)
			ExecutionOrderSort (0ms)
			DisableScriptedObjects (7ms)
			BackupInstance (0ms)
			ReleaseScriptingObjects (0ms)
			CreateAndSetChildDomain (38ms)
		EndReloadAssembly (983ms)
			LoadAssemblies (103ms)
			RebuildTransferFunctionScriptingTraits (0ms)
			SetupTypeCache (355ms)
			ReleaseScriptCaches (1ms)
			RebuildScriptCaches (45ms)
			SetupLoadedEditorAssemblies (387ms)
				LogAssemblyErrors (0ms)
				InitializePlatformSupportModulesInManaged (6ms)
				SetLoadedEditorAssemblies (1ms)
				RefreshPlugins (1ms)
				BeforeProcessingInitializeOnLoad (89ms)
				ProcessInitializeOnLoadAttributes (278ms)
				ProcessInitializeOnLoadMethodAttributes (6ms)
				AfterProcessingInitializeOnLoad (8ms)
				EditorAssembliesLoaded (0ms)
			ExecutionOrderSort2 (0ms)
			AwakeInstancesAfterBackupRestoration (10ms)
Platform modules already initialized, skipping
Refreshing native plugins compatible for Editor in 0.43 ms, found 3 plugins.
Preloading 0 native plugins for Editor in 0.00 ms.
Unloading 2087 Unused Serialized files (Serialized files now loaded: 0)
System memory in use before: 94.3 MB.
System memory in use after: 94.4 MB.

Unloading 16 unused Assets to reduce memory usage. Loaded Objects now: 2562.
Total: 2.905100 ms (FindLiveObjects: 0.182600 ms CreateObjectMapping: 0.123800 ms MarkObjects: 2.514700 ms  DeleteObjects: 0.083300 ms)

AssetImportParameters requested are different than current active one (requested -> active):
  custom:framework-win-MediaFoundation: 216162199b28c13a410421893ffa2e32 -> 
  custom:video-decoder-ogg-theora: a1e56fd34408186e4bbccfd4996cb3dc -> 
  custom:container-muxer-webm: aa71ff27fc2769a1b78a27578f13a17b -> 
  custom:container-demuxer-webm: 4f35f7cbe854078d1ac9338744f61a02 -> 
  custom:container-demuxer-ogg: 62fdf1f143b41e24485cea50d1cbac27 -> 
  custom:video-encoder-webm-vp8: eb34c28f22e8b96e1ab97ce403110664 -> 
  custom:video-codec-MediaFoundation-h265: 746d11721c4dcdbdad8f713fa42b33f4 -> 
  custom:video-decoder-webm-vp8: 9c59270c3fd7afecdb556c50c9e8de78 -> 
  custom:audio-decoder-ogg-vorbis: bf7c407c2cedff20999df2af8eb42d56 -> 
  custom:audio-encoder-webm-vorbis: bf7c407c2cedff20999df2af8eb42d56 -> 
========================================================================
Received Import Request.
  Time since last request: 12.301485 seconds.
  path: Assets/Scripts/ObstacleGarbageCollector.cs
  artifactKey: Guid(8d3b96cdede552d44916fb1a07bc41ee) Importer(815301076,1909f56bfc062723c751e8b465ee728b)
Start importing Assets/Scripts/ObstacleGarbageCollector.cs using Guid(8d3b96cdede552d44916fb1a07bc41ee) Importer(815301076,1909f56bfc062723c751e8b465ee728b)  -> (artifact id: 'fe059adb6bfd855bfc49eee7ec5a0fcb') in 0.006150 seconds 
  Import took 0.009358 seconds .

========================================================================
Received Import Request.
  Time since last request: 10.205224 seconds.
  path: Assets/Scripts/ObstacleGarbageCollector.cs
  artifactKey: Guid(8d3b96cdede552d44916fb1a07bc41ee) Importer(815301076,1909f56bfc062723c751e8b465ee728b)
Start importing Assets/Scripts/ObstacleGarbageCollector.cs using Guid(8d3b96cdede552d44916fb1a07bc41ee) Importer(815301076,1909f56bfc062723c751e8b465ee728b)  -> (artifact id: 'e30b12092b31db324544d185ee9037e8') in 0.002545 seconds 
  Import took 0.005740 seconds .

========================================================================
Received Import Request.
  Time since last request: 0.000355 seconds.
  path: Assets/Scripts/ObstacleGarbageCollector.cs
  artifactKey: Guid(8d3b96cdede552d44916fb1a07bc41ee) Importer(815301076,1909f56bfc062723c751e8b465ee728b)
Start importing Assets/Scripts/ObstacleGarbageCollector.cs using Guid(8d3b96cdede552d44916fb1a07bc41ee) Importer(815301076,1909f56bfc062723c751e8b465ee728b)  -> (artifact id: 'e30b12092b31db324544d185ee9037e8') in 0.003249 seconds 
  Import took 0.006906 seconds .

========================================================================
Received Import Request.
  Time since last request: 5.817700 seconds.
  path: Assets/Scripts/ObstacleGarbageCollector.cs
  artifactKey: Guid(8d3b96cdede552d44916fb1a07bc41ee) Importer(815301076,1909f56bfc062723c751e8b465ee728b)
Start importing Assets/Scripts/ObstacleGarbageCollector.cs using Guid(8d3b96cdede552d44916fb1a07bc41ee) Importer(815301076,1909f56bfc062723c751e8b465ee728b)  -> (artifact id: '28807e8a2acaafd3dc8d6668f6389fa6') in 0.003268 seconds 
  Import took 0.006961 seconds .

========================================================================
Received Import Request.
  Time since last request: 5.922094 seconds.
  path: Assets/Scripts/ObstacleGarbageCollector.cs
  artifactKey: Guid(8d3b96cdede552d44916fb1a07bc41ee) Importer(815301076,1909f56bfc062723c751e8b465ee728b)
Start importing Assets/Scripts/ObstacleGarbageCollector.cs using Guid(8d3b96cdede552d44916fb1a07bc41ee) Importer(815301076,1909f56bfc062723c751e8b465ee728b)  -> (artifact id: 'c0b823ab972e085649e5c6e09f8c2bc0') in 0.002619 seconds 
  Import took 0.005965 seconds .

========================================================================
Received Import Request.
  Time since last request: 0.000324 seconds.
  path: Assets/Scripts/ObstacleGarbageCollector.cs
  artifactKey: Guid(8d3b96cdede552d44916fb1a07bc41ee) Importer(815301076,1909f56bfc062723c751e8b465ee728b)
Start importing Assets/Scripts/ObstacleGarbageCollector.cs using Guid(8d3b96cdede552d44916fb1a07bc41ee) Importer(815301076,1909f56bfc062723c751e8b465ee728b)  -> (artifact id: 'c0b823ab972e085649e5c6e09f8c2bc0') in 0.002390 seconds 
  Import took 0.005538 seconds .

========================================================================
Received Prepare
Registering precompiled user dll's ...
Registered in 0.006063 seconds.
Begin MonoManager ReloadAssembly
Native extension for WindowsStandalone target not found
Refreshing native plugins compatible for Editor in 0.52 ms, found 3 plugins.
Preloading 0 native plugins for Editor in 0.00 ms.
Mono: successfully reloaded assembly
- Completed reload, in  1.140 seconds
Domain Reload Profiling:
	ReloadAssembly (1140ms)
		BeginReloadAssembly (124ms)
			ExecutionOrderSort (0ms)
			DisableScriptedObjects (7ms)
			BackupInstance (0ms)
			ReleaseScriptingObjects (0ms)
			CreateAndSetChildDomain (33ms)
		EndReloadAssembly (959ms)
			LoadAssemblies (92ms)
			RebuildTransferFunctionScriptingTraits (0ms)
			SetupTypeCache (294ms)
			ReleaseScriptCaches (2ms)
			RebuildScriptCaches (57ms)
			SetupLoadedEditorAssemblies (400ms)
				LogAssemblyErrors (0ms)
				InitializePlatformSupportModulesInManaged (6ms)
				SetLoadedEditorAssemblies (0ms)
				RefreshPlugins (1ms)
				BeforeProcessingInitializeOnLoad (100ms)
				ProcessInitializeOnLoadAttributes (280ms)
				ProcessInitializeOnLoadMethodAttributes (5ms)
				AfterProcessingInitializeOnLoad (8ms)
				EditorAssembliesLoaded (0ms)
			ExecutionOrderSort2 (0ms)
			AwakeInstancesAfterBackupRestoration (9ms)
Platform modules already initialized, skipping
Refreshing native plugins compatible for Editor in 0.41 ms, found 3 plugins.
Preloading 0 native plugins for Editor in 0.00 ms.
Unloading 2087 Unused Serialized files (Serialized files now loaded: 0)
System memory in use before: 94.3 MB.
System memory in use after: 94.4 MB.

Unloading 16 unused Assets to reduce memory usage. Loaded Objects now: 2565.
Total: 2.510200 ms (FindLiveObjects: 0.158100 ms CreateObjectMapping: 0.062400 ms MarkObjects: 2.275100 ms  DeleteObjects: 0.013800 ms)

AssetImportParameters requested are different than current active one (requested -> active):
  custom:framework-win-MediaFoundation: 216162199b28c13a410421893ffa2e32 -> 
  custom:video-decoder-ogg-theora: a1e56fd34408186e4bbccfd4996cb3dc -> 
  custom:container-muxer-webm: aa71ff27fc2769a1b78a27578f13a17b -> 
  custom:container-demuxer-webm: 4f35f7cbe854078d1ac9338744f61a02 -> 
  custom:container-demuxer-ogg: 62fdf1f143b41e24485cea50d1cbac27 -> 
  custom:video-encoder-webm-vp8: eb34c28f22e8b96e1ab97ce403110664 -> 
  custom:video-codec-MediaFoundation-h265: 746d11721c4dcdbdad8f713fa42b33f4 -> 
  custom:video-decoder-webm-vp8: 9c59270c3fd7afecdb556c50c9e8de78 -> 
  custom:audio-decoder-ogg-vorbis: bf7c407c2cedff20999df2af8eb42d56 -> 
  custom:audio-encoder-webm-vorbis: bf7c407c2cedff20999df2af8eb42d56 -> 
========================================================================
Received Import Request.
  Time since last request: 25.085068 seconds.
  path: Assets/Scripts/Obstacle.cs
  artifactKey: Guid(733f3798a4118014b86abc6938d117a3) Importer(815301076,1909f56bfc062723c751e8b465ee728b)
Start importing Assets/Scripts/Obstacle.cs using Guid(733f3798a4118014b86abc6938d117a3) Importer(815301076,1909f56bfc062723c751e8b465ee728b)  -> (artifact id: '38402f8143406c330078dd3b2ad7f752') in 0.005326 seconds 
  Import took 0.009151 seconds .

========================================================================
Received Import Request.
  Time since last request: 17.680185 seconds.
  path: Assets/Scripts/Obstacle.cs
  artifactKey: Guid(733f3798a4118014b86abc6938d117a3) Importer(815301076,1909f56bfc062723c751e8b465ee728b)
Start importing Assets/Scripts/Obstacle.cs using Guid(733f3798a4118014b86abc6938d117a3) Importer(815301076,1909f56bfc062723c751e8b465ee728b)  -> (artifact id: '31aebb6f5852766f0a94f20afd5b9845') in 0.003057 seconds 
  Import took 0.006732 seconds .

========================================================================
Received Import Request.
  Time since last request: 0.004613 seconds.
  path: Assets/Scripts/Obstacle.cs
  artifactKey: Guid(733f3798a4118014b86abc6938d117a3) Importer(815301076,1909f56bfc062723c751e8b465ee728b)
Start importing Assets/Scripts/Obstacle.cs using Guid(733f3798a4118014b86abc6938d117a3) Importer(815301076,1909f56bfc062723c751e8b465ee728b)  -> (artifact id: '31aebb6f5852766f0a94f20afd5b9845') in 0.002377 seconds 
  Import took 0.005951 seconds .

========================================================================
Received Import Request.
  Time since last request: 19.030060 seconds.
  path: Assets/Scripts/Obstacle.cs
  artifactKey: Guid(733f3798a4118014b86abc6938d117a3) Importer(815301076,1909f56bfc062723c751e8b465ee728b)
Start importing Assets/Scripts/Obstacle.cs using Guid(733f3798a4118014b86abc6938d117a3) Importer(815301076,1909f56bfc062723c751e8b465ee728b)  -> (artifact id: '55fb68b880a62335b54c70e7ad1c0c2a') in 0.002629 seconds 
  Import took 0.006280 seconds .

========================================================================
Received Import Request.
  Time since last request: 0.000400 seconds.
  path: Assets/Scripts/Obstacle.cs
  artifactKey: Guid(733f3798a4118014b86abc6938d117a3) Importer(815301076,1909f56bfc062723c751e8b465ee728b)
Start importing Assets/Scripts/Obstacle.cs using Guid(733f3798a4118014b86abc6938d117a3) Importer(815301076,1909f56bfc062723c751e8b465ee728b)  -> (artifact id: '55fb68b880a62335b54c70e7ad1c0c2a') in 0.002537 seconds 
  Import took 0.005894 seconds .

========================================================================
Received Import Request.
  Time since last request: 14.341441 seconds.
  path: Assets/Scripts/Obstacle.cs
  artifactKey: Guid(733f3798a4118014b86abc6938d117a3) Importer(815301076,1909f56bfc062723c751e8b465ee728b)
Start importing Assets/Scripts/Obstacle.cs using Guid(733f3798a4118014b86abc6938d117a3) Importer(815301076,1909f56bfc062723c751e8b465ee728b)  -> (artifact id: '606bdb44d8ac690c6b8d13057b8f425f') in 0.002769 seconds 
  Import took 0.006658 seconds .

========================================================================
Received Import Request.
  Time since last request: 0.000471 seconds.
  path: Assets/Scripts/Obstacle.cs
  artifactKey: Guid(733f3798a4118014b86abc6938d117a3) Importer(815301076,1909f56bfc062723c751e8b465ee728b)
Start importing Assets/Scripts/Obstacle.cs using Guid(733f3798a4118014b86abc6938d117a3) Importer(815301076,1909f56bfc062723c751e8b465ee728b)  -> (artifact id: '606bdb44d8ac690c6b8d13057b8f425f') in 0.002537 seconds 
  Import took 0.006057 seconds .

========================================================================
Received Import Request.
  Time since last request: 4.737121 seconds.
  path: Assets/Scripts/Obstacle.cs
  artifactKey: Guid(733f3798a4118014b86abc6938d117a3) Importer(815301076,1909f56bfc062723c751e8b465ee728b)
Start importing Assets/Scripts/Obstacle.cs using Guid(733f3798a4118014b86abc6938d117a3) Importer(815301076,1909f56bfc062723c751e8b465ee728b)  -> (artifact id: 'df8369cfc3e143899d4a2c75465a571f') in 0.003155 seconds 
  Import took 0.007016 seconds .

========================================================================
Received Prepare
Registering precompiled user dll's ...
Registered in 0.005197 seconds.
Begin MonoManager ReloadAssembly
Native extension for WindowsStandalone target not found
Refreshing native plugins compatible for Editor in 0.55 ms, found 3 plugins.
Preloading 0 native plugins for Editor in 0.00 ms.
Mono: successfully reloaded assembly
- Completed reload, in  1.110 seconds
Domain Reload Profiling:
	ReloadAssembly (1111ms)
		BeginReloadAssembly (128ms)
			ExecutionOrderSort (0ms)
			DisableScriptedObjects (7ms)
			BackupInstance (0ms)
			ReleaseScriptingObjects (0ms)
			CreateAndSetChildDomain (35ms)
		EndReloadAssembly (921ms)
			LoadAssemblies (89ms)
			RebuildTransferFunctionScriptingTraits (0ms)
			SetupTypeCache (251ms)
			ReleaseScriptCaches (1ms)
			RebuildScriptCaches (46ms)
			SetupLoadedEditorAssemblies (439ms)
				LogAssemblyErrors (0ms)
				InitializePlatformSupportModulesInManaged (6ms)
				SetLoadedEditorAssemblies (0ms)
				RefreshPlugins (1ms)
				BeforeProcessingInitializeOnLoad (108ms)
				ProcessInitializeOnLoadAttributes (310ms)
				ProcessInitializeOnLoadMethodAttributes (5ms)
				AfterProcessingInitializeOnLoad (7ms)
				EditorAssembliesLoaded (0ms)
			ExecutionOrderSort2 (0ms)
			AwakeInstancesAfterBackupRestoration (10ms)
Platform modules already initialized, skipping
Refreshing native plugins compatible for Editor in 0.49 ms, found 3 plugins.
Preloading 0 native plugins for Editor in 0.00 ms.
Unloading 2087 Unused Serialized files (Serialized files now loaded: 0)
System memory in use before: 94.3 MB.
System memory in use after: 94.5 MB.

Unloading 16 unused Assets to reduce memory usage. Loaded Objects now: 2568.
Total: 2.855900 ms (FindLiveObjects: 0.244300 ms CreateObjectMapping: 0.098800 ms MarkObjects: 2.450700 ms  DeleteObjects: 0.061300 ms)

AssetImportParameters requested are different than current active one (requested -> active):
  custom:framework-win-MediaFoundation: 216162199b28c13a410421893ffa2e32 -> 
  custom:video-decoder-ogg-theora: a1e56fd34408186e4bbccfd4996cb3dc -> 
  custom:container-muxer-webm: aa71ff27fc2769a1b78a27578f13a17b -> 
  custom:container-demuxer-webm: 4f35f7cbe854078d1ac9338744f61a02 -> 
  custom:container-demuxer-ogg: 62fdf1f143b41e24485cea50d1cbac27 -> 
  custom:video-encoder-webm-vp8: eb34c28f22e8b96e1ab97ce403110664 -> 
  custom:video-codec-MediaFoundation-h265: 746d11721c4dcdbdad8f713fa42b33f4 -> 
  custom:video-decoder-webm-vp8: 9c59270c3fd7afecdb556c50c9e8de78 -> 
  custom:audio-decoder-ogg-vorbis: bf7c407c2cedff20999df2af8eb42d56 -> 
  custom:audio-encoder-webm-vorbis: bf7c407c2cedff20999df2af8eb42d56 -> 
========================================================================
Received Import Request.
  Time since last request: 40.997641 seconds.
  path: Assets/Scripts/FollowPlayerY.cs
  artifactKey: Guid(c11327fe7374ef94c9c6103221bd11b6) Importer(815301076,1909f56bfc062723c751e8b465ee728b)
Start importing Assets/Scripts/FollowPlayerY.cs using Guid(c11327fe7374ef94c9c6103221bd11b6) Importer(815301076,1909f56bfc062723c751e8b465ee728b)  -> (artifact id: '9538b38e95d49046185294905744c3e0') in 0.005911 seconds 
  Import took 0.009260 seconds .

========================================================================
Received Prepare
Registering precompiled user dll's ...
Registered in 0.006266 seconds.
Begin MonoManager ReloadAssembly
Native extension for WindowsStandalone target not found
Refreshing native plugins compatible for Editor in 0.93 ms, found 3 plugins.
Preloading 0 native plugins for Editor in 0.00 ms.
Mono: successfully reloaded assembly
- Completed reload, in  0.984 seconds
Domain Reload Profiling:
	ReloadAssembly (985ms)
		BeginReloadAssembly (111ms)
			ExecutionOrderSort (0ms)
			DisableScriptedObjects (7ms)
			BackupInstance (0ms)
			ReleaseScriptingObjects (0ms)
			CreateAndSetChildDomain (28ms)
		EndReloadAssembly (817ms)
			LoadAssemblies (86ms)
			RebuildTransferFunctionScriptingTraits (0ms)
			SetupTypeCache (242ms)
			ReleaseScriptCaches (1ms)
			RebuildScriptCaches (42ms)
			SetupLoadedEditorAssemblies (360ms)
				LogAssemblyErrors (0ms)
				InitializePlatformSupportModulesInManaged (5ms)
				SetLoadedEditorAssemblies (1ms)
				RefreshPlugins (1ms)
				BeforeProcessingInitializeOnLoad (89ms)
				ProcessInitializeOnLoadAttributes (252ms)
				ProcessInitializeOnLoadMethodAttributes (5ms)
				AfterProcessingInitializeOnLoad (8ms)
				EditorAssembliesLoaded (0ms)
			ExecutionOrderSort2 (0ms)
			AwakeInstancesAfterBackupRestoration (10ms)
Platform modules already initialized, skipping
Refreshing native plugins compatible for Editor in 0.42 ms, found 3 plugins.
Preloading 0 native plugins for Editor in 0.00 ms.
Unloading 2087 Unused Serialized files (Serialized files now loaded: 0)
System memory in use before: 94.3 MB.
System memory in use after: 94.5 MB.

Unloading 16 unused Assets to reduce memory usage. Loaded Objects now: 2571.
Total: 2.884800 ms (FindLiveObjects: 0.170000 ms CreateObjectMapping: 0.058000 ms MarkObjects: 2.642300 ms  DeleteObjects: 0.013800 ms)

AssetImportParameters requested are different than current active one (requested -> active):
  custom:framework-win-MediaFoundation: 216162199b28c13a410421893ffa2e32 -> 
  custom:video-decoder-ogg-theora: a1e56fd34408186e4bbccfd4996cb3dc -> 
  custom:container-muxer-webm: aa71ff27fc2769a1b78a27578f13a17b -> 
  custom:container-demuxer-webm: 4f35f7cbe854078d1ac9338744f61a02 -> 
  custom:container-demuxer-ogg: 62fdf1f143b41e24485cea50d1cbac27 -> 
  custom:video-encoder-webm-vp8: eb34c28f22e8b96e1ab97ce403110664 -> 
  custom:video-codec-MediaFoundation-h265: 746d11721c4dcdbdad8f713fa42b33f4 -> 
  custom:video-decoder-webm-vp8: 9c59270c3fd7afecdb556c50c9e8de78 -> 
  custom:audio-decoder-ogg-vorbis: bf7c407c2cedff20999df2af8eb42d56 -> 
  custom:audio-encoder-webm-vorbis: bf7c407c2cedff20999df2af8eb42d56 -> 
========================================================================
Received Import Request.
  Time since last request: 13.204157 seconds.
  path: Assets/Scenes/_MainMenu.unity
  artifactKey: Guid(2cda990e2423bbf4892e6590ba056729) Importer(815301076,1909f56bfc062723c751e8b465ee728b)
Start importing Assets/Scenes/_MainMenu.unity using Guid(2cda990e2423bbf4892e6590ba056729) Importer(815301076,1909f56bfc062723c751e8b465ee728b)  -> (artifact id: '1eb8d1fa8a0beb4b8b758406ac64d8d8') in 0.018126 seconds 
  Import took 0.020878 seconds .

AssetImportWorkerClient::OnTransportError - code=2 error=End of file
