Using pre-set license
Built from '2020.3/staging' branch; Version is '2020.3.16f1 (049d6eca3c44) revision 302446'; Using compiler version '192528614'; Build Type 'Release'
OS: 'Windows 10 Home; OS build 19044.1586; Version 2009; 64bit' Language: 'en' Physical Memory: 16158 MB
BatchMode: 1, IsHumanControllingUs: 0, StartBugReporterOnCrash: 0, Is64bit: 1, IsPro: 0

 COMMAND LINE ARGUMENTS:
C:\Users\beatt\Desktop\Unity\2020.3.16f1\Editor\Unity.exe
-adb2
-batchMode
-noUpm
-name
AssetImportWorker0
-projectPath
C:/Users/beatt/Desktop/School/Contemporary/ColdTurkey/ColdTurkey/ColdTurkey
-logFile
Logs/AssetImportWorker0.log
-srvPort
60850
Successfully changed project path to: C:/Users/beatt/Desktop/School/Contemporary/ColdTurkey/ColdTurkey/ColdTurkey
C:/Users/beatt/Desktop/School/Contemporary/ColdTurkey/ColdTurkey/ColdTurkey
Using Asset Import Pipeline V2.
Refreshing native plugins compatible for Editor in 42.80 ms, found 3 plugins.
Preloading 0 native plugins for Editor in 0.00 ms.
Initialize engine version: 2020.3.16f1 (049d6eca3c44)
[Subsystems] Discovering subsystems at path C:/Users/beatt/Desktop/Unity/2020.3.16f1/Editor/Data/Resources/UnitySubsystems
[Subsystems] Discovering subsystems at path C:/Users/beatt/Desktop/School/Contemporary/ColdTurkey/ColdTurkey/ColdTurkey/Assets
GfxDevice: creating device client; threaded=0
Direct3D:
    Version:  Direct3D 11.0 [level 11.1]
    Renderer: NVIDIA GeForce RTX 3060 Laptop GPU (ID=0x2520)
    Vendor:   
    VRAM:     6023 MB
    Driver:   30.0.15.1215
Initialize mono
Mono path[0] = 'C:/Users/beatt/Desktop/Unity/2020.3.16f1/Editor/Data/Managed'
Mono path[1] = 'C:/Users/beatt/Desktop/Unity/2020.3.16f1/Editor/Data/MonoBleedingEdge/lib/mono/unityjit'
Mono config path = 'C:/Users/beatt/Desktop/Unity/2020.3.16f1/Editor/Data/MonoBleedingEdge/etc'
Using monoOptions --debugger-agent=transport=dt_socket,embedding=1,server=y,suspend=n,address=127.0.0.1:56288
Begin MonoManager ReloadAssembly
Registering precompiled unity dll's ...
Register platform support module: C:/Users/beatt/Desktop/Unity/2020.3.16f1/Editor/Data/PlaybackEngines/WindowsStandaloneSupport/UnityEditor.WindowsStandalone.Extensions.dll
Registered in 0.002261 seconds.
Native extension for WindowsStandalone target not found
Refreshing native plugins compatible for Editor in 35.47 ms, found 3 plugins.
Preloading 0 native plugins for Editor in 0.00 ms.
Mono: successfully reloaded assembly
- Completed reload, in  2.004 seconds
Domain Reload Profiling:
	ReloadAssembly (2004ms)
		BeginReloadAssembly (54ms)
			ExecutionOrderSort (0ms)
			DisableScriptedObjects (0ms)
			BackupInstance (0ms)
			ReleaseScriptingObjects (0ms)
			CreateAndSetChildDomain (1ms)
		EndReloadAssembly (392ms)
			LoadAssemblies (51ms)
			RebuildTransferFunctionScriptingTraits (0ms)
			SetupTypeCache (137ms)
			ReleaseScriptCaches (0ms)
			RebuildScriptCaches (31ms)
			SetupLoadedEditorAssemblies (155ms)
				LogAssemblyErrors (0ms)
				InitializePlatformSupportModulesInManaged (4ms)
				SetLoadedEditorAssemblies (0ms)
				RefreshPlugins (36ms)
				BeforeProcessingInitializeOnLoad (15ms)
				ProcessInitializeOnLoadAttributes (75ms)
				ProcessInitializeOnLoadMethodAttributes (25ms)
				AfterProcessingInitializeOnLoad (0ms)
				EditorAssembliesLoaded (0ms)
			ExecutionOrderSort2 (0ms)
			AwakeInstancesAfterBackupRestoration (0ms)
Platform modules already initialized, skipping
Registering precompiled user dll's ...
Registered in 0.005505 seconds.
Begin MonoManager ReloadAssembly
Native extension for WindowsStandalone target not found
Refreshing native plugins compatible for Editor in 34.53 ms, found 3 plugins.
Preloading 0 native plugins for Editor in 0.00 ms.
Mono: successfully reloaded assembly
- Completed reload, in  1.112 seconds
Domain Reload Profiling:
	ReloadAssembly (1113ms)
		BeginReloadAssembly (138ms)
			ExecutionOrderSort (0ms)
			DisableScriptedObjects (4ms)
			BackupInstance (0ms)
			ReleaseScriptingObjects (0ms)
			CreateAndSetChildDomain (17ms)
		EndReloadAssembly (918ms)
			LoadAssemblies (90ms)
			RebuildTransferFunctionScriptingTraits (0ms)
			SetupTypeCache (257ms)
			ReleaseScriptCaches (0ms)
			RebuildScriptCaches (47ms)
			SetupLoadedEditorAssemblies (412ms)
				LogAssemblyErrors (0ms)
				InitializePlatformSupportModulesInManaged (4ms)
				SetLoadedEditorAssemblies (0ms)
				RefreshPlugins (35ms)
				BeforeProcessingInitializeOnLoad (82ms)
				ProcessInitializeOnLoadAttributes (272ms)
				ProcessInitializeOnLoadMethodAttributes (12ms)
				AfterProcessingInitializeOnLoad (7ms)
				EditorAssembliesLoaded (0ms)
			ExecutionOrderSort2 (0ms)
			AwakeInstancesAfterBackupRestoration (6ms)
Platform modules already initialized, skipping
========================================================================
Worker process is ready to serve import requests
Launched and connected shader compiler UnityShaderCompiler.exe after 0.06 seconds
Refreshing native plugins compatible for Editor in 0.82 ms, found 3 plugins.
Preloading 0 native plugins for Editor in 0.00 ms.
Unloading 2091 Unused Serialized files (Serialized files now loaded: 0)
System memory in use before: 93.7 MB.
System memory in use after: 93.8 MB.

Unloading 28 unused Assets to reduce memory usage. Loaded Objects now: 2528.
Total: 3.061200 ms (FindLiveObjects: 0.232700 ms CreateObjectMapping: 0.090600 ms MarkObjects: 2.664600 ms  DeleteObjects: 0.072300 ms)

AssetImportParameters requested are different than current active one (requested -> active):
  custom:framework-win-MediaFoundation: 216162199b28c13a410421893ffa2e32 -> 
  custom:video-decoder-ogg-theora: a1e56fd34408186e4bbccfd4996cb3dc -> 
  custom:container-muxer-webm: aa71ff27fc2769a1b78a27578f13a17b -> 
  custom:container-demuxer-webm: 4f35f7cbe854078d1ac9338744f61a02 -> 
  custom:container-demuxer-ogg: 62fdf1f143b41e24485cea50d1cbac27 -> 
  custom:video-encoder-webm-vp8: eb34c28f22e8b96e1ab97ce403110664 -> 
  custom:video-codec-MediaFoundation-h265: 746d11721c4dcdbdad8f713fa42b33f4 -> 
  custom:video-decoder-webm-vp8: 9c59270c3fd7afecdb556c50c9e8de78 -> 
  custom:audio-decoder-ogg-vorbis: bf7c407c2cedff20999df2af8eb42d56 -> 
  custom:audio-encoder-webm-vorbis: bf7c407c2cedff20999df2af8eb42d56 -> 
========================================================================
Received Import Request.
  path: Assets/Scenes/SampleScene.unity
  artifactKey: Guid(2cda990e2423bbf4892e6590ba056729) Importer(815301076,1909f56bfc062723c751e8b465ee728b)
Start importing Assets/Scenes/SampleScene.unity using Guid(2cda990e2423bbf4892e6590ba056729) Importer(815301076,1909f56bfc062723c751e8b465ee728b)  -> (artifact id: 'aa27944bdea339c97c39027c7eea529c') in 0.016744 seconds 
  Import took 0.021232 seconds .

========================================================================
Received Import Request.
  Time since last request: 0.000220 seconds.
  path: Assets/Scenes
  artifactKey: Guid(ad194e1dda2981543b18792801420ee9) Importer(815301076,1909f56bfc062723c751e8b465ee728b)
Start importing Assets/Scenes using Guid(ad194e1dda2981543b18792801420ee9) Importer(815301076,1909f56bfc062723c751e8b465ee728b)  -> (artifact id: '282ae6dc96562aa4c6bf431d7c6c0619') in 0.002904 seconds 
  Import took 0.006906 seconds .

========================================================================
Received Import Request.
  Time since last request: 6.126538 seconds.
  path: Assets/Scenes/_StandardScene.unity
  artifactKey: Guid(2cda990e2423bbf4892e6590ba056729) Importer(815301076,1909f56bfc062723c751e8b465ee728b)
Start importing Assets/Scenes/_StandardScene.unity using Guid(2cda990e2423bbf4892e6590ba056729) Importer(815301076,1909f56bfc062723c751e8b465ee728b)  -> (artifact id: '9dcd4ead11a7e609d0df21913c957eb1') in 0.002958 seconds 
  Import took 0.007323 seconds .

========================================================================
Received Import Request.
  Time since last request: 1.814637 seconds.
  path: Assets
  artifactKey: Guid(00000000000000001000000000000000) Importer(815301076,1909f56bfc062723c751e8b465ee728b)
Start importing Assets using Guid(00000000000000001000000000000000) Importer(815301076,1909f56bfc062723c751e8b465ee728b)  -> (artifact id: '42d402b061de3733987d63b9cc3b64de') in 0.002728 seconds 
  Import took 0.007720 seconds .

========================================================================
Received Import Request.
  Time since last request: 0.001660 seconds.
  path: Assets
  artifactKey: Guid(00000000000000001000000000000000) Importer(815301076,1909f56bfc062723c751e8b465ee728b)
Start importing Assets using Guid(00000000000000001000000000000000) Importer(815301076,1909f56bfc062723c751e8b465ee728b)  -> (artifact id: '42d402b061de3733987d63b9cc3b64de') in 0.002767 seconds 
  Import took 0.007635 seconds .

========================================================================
Received Import Request.
  Time since last request: 3.460461 seconds.
  path: Assets/Art
  artifactKey: Guid(54cea284ab721b04991ab86568564086) Importer(815301076,1909f56bfc062723c751e8b465ee728b)
Start importing Assets/Art using Guid(54cea284ab721b04991ab86568564086) Importer(815301076,1909f56bfc062723c751e8b465ee728b)  -> (artifact id: '8d85628812fea73242bbd7b75c2a6bb9') in 0.002728 seconds 
  Import took 0.005992 seconds .

========================================================================
Received Import Request.
  Time since last request: 3.977230 seconds.
  path: Assets/Scripts
  artifactKey: Guid(d4e4875ede3ec38458c559e0147bf783) Importer(815301076,1909f56bfc062723c751e8b465ee728b)
Start importing Assets/Scripts using Guid(d4e4875ede3ec38458c559e0147bf783) Importer(815301076,1909f56bfc062723c751e8b465ee728b)  -> (artifact id: '0431a6a13c500cc64dd7f612c3dab8f2') in 0.003056 seconds 
  Import took 0.007054 seconds .

========================================================================
Received Import Request.
  Time since last request: 35.471200 seconds.
  path: Assets/New Folder
  artifactKey: Guid(637c4a5b7e06a0a4ea3bab29c9d83a0c) Importer(815301076,1909f56bfc062723c751e8b465ee728b)
Start importing Assets/New Folder using Guid(637c4a5b7e06a0a4ea3bab29c9d83a0c) Importer(815301076,1909f56bfc062723c751e8b465ee728b)  -> (artifact id: '5fd45549fd09663d160c695dd4e5d081') in 0.002715 seconds 
  Import took 0.006647 seconds .

========================================================================
Received Import Request.
  Time since last request: 10.467118 seconds.
  path: Assets/Prefabs
  artifactKey: Guid(b26c9c9769fd89d4c95708f28f557482) Importer(815301076,1909f56bfc062723c751e8b465ee728b)
Start importing Assets/Prefabs using Guid(b26c9c9769fd89d4c95708f28f557482) Importer(815301076,1909f56bfc062723c751e8b465ee728b)  -> (artifact id: 'c297b349e26b581386f9fd7f06b79770') in 0.003838 seconds 
  Import took 0.008125 seconds .

========================================================================
Received Import Request.
  Time since last request: 4.907839 seconds.
  path: Assets/Art/Sprites
  artifactKey: Guid(46103f6961d1c394cac9ab8a4b84d9d9) Importer(815301076,1909f56bfc062723c751e8b465ee728b)
Start importing Assets/Art/Sprites using Guid(46103f6961d1c394cac9ab8a4b84d9d9) Importer(815301076,1909f56bfc062723c751e8b465ee728b)  -> (artifact id: '1943b695a7416546ec12ba67cdbf082a') in 0.002838 seconds 
  Import took 0.007680 seconds .

AssetImportWorkerClient::OnTransportError - code=2 error=End of file
